d:\file exchange v12.0\workspace_dos_attack\src\simulation\tcp\debug\vc142.pdb
d:\file exchange v12.0\workspace_dos_attack\src\simulation\tcp\debug\vc142.idb
d:\file exchange v12.0\workspace_dos_attack\src\simulation\tcp\debug\windowscale.obj
d:\file exchange v12.0\workspace_dos_attack\src\simulation\tcp\debug\tcp_test.obj
d:\file exchange v12.0\workspace_dos_attack\src\simulation\tcp\debug\tcp_socket.obj
d:\file exchange v12.0\workspace_dos_attack\src\simulation\tcp\debug\tcp_packet.obj
d:\file exchange v12.0\workspace_dos_attack\src\simulation\tcp\debug\tcp_outgoing.obj
d:\file exchange v12.0\workspace_dos_attack\src\simulation\tcp\debug\tcp_networkinterface.obj
d:\file exchange v12.0\workspace_dos_attack\src\simulation\tcp\debug\tcp_incoming.obj
d:\file exchange v12.0\workspace_dos_attack\src\simulation\tcp\debug\tcp_enum.obj
d:\file exchange v12.0\workspace_dos_attack\src\simulation\tcp\debug\tcp_connection.obj
d:\file exchange v12.0\workspace_dos_attack\src\simulation\tcp\debug\tcp_applicationinterface.obj
d:\file exchange v12.0\workspace_dos_attack\src\simulation\tcp\debug\tcp.obj
d:\file exchange v12.0\workspace_dos_attack\src\simulation\tcp\debug\tcb.obj
d:\file exchange v12.0\workspace_dos_attack\src\simulation\tcp\debug\syn_flood.obj
d:\file exchange v12.0\workspace_dos_attack\src\simulation\tcp\debug\sack.obj
d:\file exchange v12.0\workspace_dos_attack\src\simulation\tcp\debug\rto.obj
d:\file exchange v12.0\workspace_dos_attack\src\simulation\tcp\debug\delayedack.obj
d:\file exchange v12.0\workspace_dos_attack\src\simulation\tcp\debug\cubic.obj
d:\file exchange v12.0\workspace_dos_attack\src\simulation\tcp\debug\congestion.obj
d:\file exchange v12.0\workspace_dos_attack\bin\bin_x86\libtcp.dll
d:\file exchange v12.0\workspace_dos_attack\bin\bin_x86\tcp.pdb
d:\file exchange v12.0\workspace_dos_attack\src\simulation\lib_x64\libtcp.lib
d:\file exchange v12.0\workspace_dos_attack\src\simulation\lib_x64\libtcp.exp
d:\file exchange v12.0\workspace_dos_attack\src\simulation\tcp\debug\tcp.tlog\cl.command.1.tlog
d:\file exchange v12.0\workspace_dos_attack\src\simulation\tcp\debug\tcp.tlog\cl.read.1.tlog
d:\file exchange v12.0\workspace_dos_attack\src\simulation\tcp\debug\tcp.tlog\cl.write.1.tlog
d:\file exchange v12.0\workspace_dos_attack\src\simulation\tcp\debug\tcp.tlog\link.command.1.tlog
d:\file exchange v12.0\workspace_dos_attack\src\simulation\tcp\debug\tcp.tlog\link.read.1.tlog
d:\file exchange v12.0\workspace_dos_attack\src\simulation\tcp\debug\tcp.tlog\link.write.1.tlog
d:\file exchange v12.0\workspace_dos_attack\src\simulation\tcp\debug\tcp.tlog\tcp.write.1u.tlog
