C:\Program Files (x86)\Microsoft Visual Studio\2019\Community\MSBuild\Microsoft\VC\v160\Microsoft.CppBuild.targets(397,5): warning MSB8004: Output Directory does not end with a trailing slash.  This build instance will add the slash as it is required to allow proper evaluation of the Output Directory.
  Congestion.c
D:\File exchange v12.0\WorkSpace_DOS_Attack\src\Simulation\TCP\Congestion.c(412): warning C4018: '<': signed/unsigned mismatch
  CUBIC.c
  DelayedAck.c
  RTO.c
  SACK.c
  SYN_flood.c
D:\File exchange v12.0\WorkSpace_DOS_Attack\src\Simulation\TCP\SYN_flood.c(34): warning C4013: 'socket_creation' undefined; assuming extern returning int
D:\File exchange v12.0\WorkSpace_DOS_Attack\src\Simulation\TCP\SYN_flood.c(34): warning C4047: '=': 'PNETSIM_SOCKET' differs in levels of indirection from 'int'
D:\File exchange v12.0\WorkSpace_DOS_Attack\src\Simulation\TCP\SYN_flood.c(41): warning C4047: '=': 'ptrSOCKETINTERFACE' differs in levels of indirection from 'UINT'
D:\File exchange v12.0\WorkSpace_DOS_Attack\src\Simulation\TCP\SYN_flood.c(96): warning C4047: '=': 'ptrSOCKETINTERFACE' differs in levels of indirection from 'UINT'
D:\File exchange v12.0\WorkSpace_DOS_Attack\src\Simulation\TCP\SYN_flood.c(98): warning C4047: 'return': 'int' differs in levels of indirection from 'PNETSIM_SOCKET'
  TCB.c
  TCP.c
D:\File exchange v12.0\WorkSpace_DOS_Attack\src\Simulation\TCP\TCP.c(19): warning C4028: formal parameter 1 different from declaration
D:\File exchange v12.0\WorkSpace_DOS_Attack\src\Simulation\TCP\TCP.c(209): warning C4013: 'syn_flood' undefined; assuming extern returning int
  TCP_ApplicationInterface.c
  TCP_Connection.c
  TCP_Enum.c
  TCP_Incoming.c
  TCP_NetworkInterface.c
  TCP_Outgoing.c
  TCP_Packet.c
  TCP_Socket.c
  TCP_Test.c
  WindowScale.c
  Generating Code...
C:\Program Files (x86)\Microsoft Visual Studio\2019\Community\MSBuild\Microsoft\VC\v160\Microsoft.CppBuild.targets(1226,5): warning MSB8012: TargetPath(D:\File exchange v12.0\WorkSpace_DOS_Attack\src\Simulation\TCP\..\..\..\bin\bin_x86\TCP.dll) does not match the Linker's OutputFile property value (D:\File exchange v12.0\WorkSpace_DOS_Attack\bin\bin_x86\libTCP.dll). This may cause your project to build incorrectly. To correct this, please make sure that $(OutDir), $(TargetName) and $(TargetExt) property values match the value specified in %(Link.OutputFile).
C:\Program Files (x86)\Microsoft Visual Studio\2019\Community\MSBuild\Microsoft\VC\v160\Microsoft.CppBuild.targets(1228,5): warning MSB8012: TargetName(TCP) does not match the Linker's OutputFile property value (libTCP). This may cause your project to build incorrectly. To correct this, please make sure that $(OutDir), $(TargetName) and $(TargetExt) property values match the value specified in %(Link.OutputFile).
Congestion.obj : warning LNK4075: ignoring '/EDITANDCONTINUE' due to '/INCREMENTAL:NO' specification
  TCP.lib(TCPLib.obj) : MSIL .netmodule or module compiled with /GL found; restarting link with /LTCG; add /LTCG to the link command line to improve linker performance
Congestion.obj : warning LNK4075: ignoring '/EDITANDCONTINUE' due to '/INCREMENTAL:NO' specification
     Creating library ..\lib_x64\libTCP.lib and object ..\lib_x64\libTCP.exp
LINK : warning LNK4098: defaultlib 'MSVCRT' conflicts with use of other libs; use /NODEFAULTLIB:library
  Generating code
  Finished generating code
TCP.lib(TCPLib.obj) : warning LNK4099: PDB 'TCPLib.pdb' was not found with 'TCP.lib(TCPLib.obj)' or at 'D:\File exchange v12.0\WorkSpace_DOS_Attack\bin\bin_x86\TCPLib.pdb'; linking object as if no debug info
list.lib(List.obj) : warning LNK4099: PDB 'List.pdb' was not found with 'list.lib(List.obj)' or at 'D:\File exchange v12.0\WorkSpace_DOS_Attack\bin\bin_x86\List.pdb'; linking object as if no debug info
  TCP.vcxproj -> D:\File exchange v12.0\WorkSpace_DOS_Attack\src\Simulation\TCP\..\..\..\bin\bin_x86\TCP.dll
